0 info it worked if it ends with ok
1 verbose cli [ '/home/ubuntu/.nvm/versions/node/v4.4.5/bin/node',
1 verbose cli   '/home/ubuntu/.nvm/versions/node/v4.4.5/bin/npm',
1 verbose cli   'install',
1 verbose cli   'depn' ]
2 info using npm@2.15.5
3 info using node@v4.4.5
4 verbose install initial load of /home/ubuntu/workspace/package.json
5 warn package.json book_api@1.0.0 No license field.
6 verbose installManyTop reading scoped package data from /home/ubuntu/workspace/node_modules/async/package.json
7 verbose installManyTop reading scoped package data from /home/ubuntu/workspace/node_modules/body-parser/package.json
8 verbose installManyTop reading scoped package data from /home/ubuntu/workspace/node_modules/dotenv/package.json
9 verbose installManyTop reading scoped package data from /home/ubuntu/workspace/node_modules/express/package.json
10 verbose installManyTop reading scoped package data from /home/ubuntu/workspace/node_modules/express-session/package.json
11 verbose installManyTop reading scoped package data from /home/ubuntu/workspace/node_modules/http/package.json
12 verbose installManyTop reading scoped package data from /home/ubuntu/workspace/node_modules/mongodb/package.json
13 verbose installManyTop reading scoped package data from /home/ubuntu/workspace/node_modules/mongoose/package.json
14 verbose installManyTop reading scoped package data from /home/ubuntu/workspace/node_modules/path/package.json
15 verbose installManyTop reading scoped package data from /home/ubuntu/workspace/node_modules/request/package.json
16 verbose installManyTop reading scoped package data from /home/ubuntu/workspace/node_modules/socket.io/package.json
17 verbose installManyTop reading scoped package data from /home/ubuntu/workspace/node_modules/socket.io-client/package.json
18 info package.json async@0.2.10 No license field.
19 info package.json http@0.0.0 http is also the name of a node core module.
20 info package.json http@0.0.0 No description
21 info package.json http@0.0.0 No repository field.
22 info package.json http@0.0.0 No README data
23 info package.json socket.io@0.9.17 No license field.
24 info package.json socket.io-client@0.9.16 No license field.
25 info package.json path@0.12.7 path is also the name of a node core module.
26 verbose readDependencies loading dependencies from /home/ubuntu/workspace/package.json
27 silly cache add args [ 'depn', null ]
28 verbose cache add spec depn
29 silly cache add parsed spec Result {
29 silly cache add   raw: 'depn',
29 silly cache add   scope: null,
29 silly cache add   name: 'depn',
29 silly cache add   rawSpec: '',
29 silly cache add   spec: 'latest',
29 silly cache add   type: 'tag' }
30 silly addNamed depn@latest
31 verbose addNamed "latest" is being treated as a dist-tag for depn
32 info addNameTag [ 'depn', 'latest' ]
33 silly mapToRegistry name depn
34 silly mapToRegistry using default registry
35 silly mapToRegistry registry https://registry.npmjs.org/
36 silly mapToRegistry data Result {
36 silly mapToRegistry   raw: 'depn',
36 silly mapToRegistry   scope: null,
36 silly mapToRegistry   name: 'depn',
36 silly mapToRegistry   rawSpec: '',
36 silly mapToRegistry   spec: 'latest',
36 silly mapToRegistry   type: 'tag' }
37 silly mapToRegistry uri https://registry.npmjs.org/depn
38 verbose addNameTag registry:https://registry.npmjs.org/depn not in flight; fetching
39 verbose request uri https://registry.npmjs.org/depn
40 verbose request no auth needed
41 info attempt registry request try #1 at 7:29:42 PM
42 verbose request id 3332621f5f5cf589
43 http request GET https://registry.npmjs.org/depn
44 http 404 https://registry.npmjs.org/depn
45 verbose headers { 'content-type': 'application/json',
45 verbose headers   'cache-control': 'max-age=0',
45 verbose headers   'content-length': '2',
45 verbose headers   'accept-ranges': 'bytes',
45 verbose headers   date: 'Wed, 10 Aug 2016 19:29:42 GMT',
45 verbose headers   via: '1.1 varnish',
45 verbose headers   age: '0',
45 verbose headers   connection: 'keep-alive',
45 verbose headers   'x-served-by': 'cache-ord1722-ORD',
45 verbose headers   'x-cache': 'MISS',
45 verbose headers   'x-cache-hits': '0',
45 verbose headers   'x-timer': 'S1470857382.552185,VS0,VE87',
45 verbose headers   vary: 'Accept-Encoding' }
46 silly get cb [ 404,
46 silly get   { 'content-type': 'application/json',
46 silly get     'cache-control': 'max-age=0',
46 silly get     'content-length': '2',
46 silly get     'accept-ranges': 'bytes',
46 silly get     date: 'Wed, 10 Aug 2016 19:29:42 GMT',
46 silly get     via: '1.1 varnish',
46 silly get     age: '0',
46 silly get     connection: 'keep-alive',
46 silly get     'x-served-by': 'cache-ord1722-ORD',
46 silly get     'x-cache': 'MISS',
46 silly get     'x-cache-hits': '0',
46 silly get     'x-timer': 'S1470857382.552185,VS0,VE87',
46 silly get     vary: 'Accept-Encoding' } ]
47 verbose stack Error: Registry returned 404 for GET on https://registry.npmjs.org/depn
47 verbose stack     at makeError (/home/ubuntu/.nvm/versions/node/v4.4.5/lib/node_modules/npm/node_modules/npm-registry-client/lib/request.js:264:12)
47 verbose stack     at CachingRegistryClient.<anonymous> (/home/ubuntu/.nvm/versions/node/v4.4.5/lib/node_modules/npm/node_modules/npm-registry-client/lib/request.js:242:14)
47 verbose stack     at Request._callback (/home/ubuntu/.nvm/versions/node/v4.4.5/lib/node_modules/npm/node_modules/npm-registry-client/lib/request.js:172:14)
47 verbose stack     at Request.self.callback (/home/ubuntu/.nvm/versions/node/v4.4.5/lib/node_modules/npm/node_modules/request/request.js:200:22)
47 verbose stack     at emitTwo (events.js:87:13)
47 verbose stack     at Request.emit (events.js:172:7)
47 verbose stack     at Request.<anonymous> (/home/ubuntu/.nvm/versions/node/v4.4.5/lib/node_modules/npm/node_modules/request/request.js:1067:10)
47 verbose stack     at emitOne (events.js:82:20)
47 verbose stack     at Request.emit (events.js:169:7)
47 verbose stack     at IncomingMessage.<anonymous> (/home/ubuntu/.nvm/versions/node/v4.4.5/lib/node_modules/npm/node_modules/request/request.js:988:12)
48 verbose statusCode 404
49 verbose pkgid depn
50 verbose cwd /home/ubuntu/workspace
51 error Linux 4.2.0-c9
52 error argv "/home/ubuntu/.nvm/versions/node/v4.4.5/bin/node" "/home/ubuntu/.nvm/versions/node/v4.4.5/bin/npm" "install" "depn"
53 error node v4.4.5
54 error npm  v2.15.5
55 error code E404
56 error 404 Registry returned 404 for GET on https://registry.npmjs.org/depn
56 error 404
56 error 404 'depn' is not in the npm registry.
56 error 404 You should bug the author to publish it (or use the name yourself!)
56 error 404 It was specified as a dependency of 'book_api'
56 error 404
56 error 404 Note that you can also install from a
56 error 404 tarball, folder, http url, or git url.
57 verbose exit [ 1, true ]
